<?xml version="1.0" encoding="UTF-8"?>
<!-- Generated by org.testng.reporters.JUnitXMLReporter -->
<testsuite ignored="0" hostname="DESKTOP-5IN5P6J" failures="0" tests="3" name="Test" time="20.04" errors="0" timestamp="2025-05-30T12:34:59 IST">
  <testcase classname="testScript.ManageNewsTest" name="manageNewsTest" time="2.788"/>
  <testcase classname="testScript.ManageNewsTest" name="manageNewsTest1" time="1.9"/>
  <testcase classname="testScript.ManageNewsTest" name="manageNewsTest2" time="2.803"/>
</testsuite> <!-- Test -->
