<?xml version="1.0" encoding="UTF-8"?>
<!-- Generated by org.testng.reporters.JUnitXMLReporter -->
<testsuite ignored="0" hostname="DESKTOP-5IN5P6J" failures="0" tests="3" name="Test" time="29.137" errors="0" timestamp="2025-06-08T10:56:56 IST">
  <testcase classname="testScript.ManageNewsTest" name="manageNewsTest" time="4.089"/>
  <testcase classname="testScript.ManageNewsTest" name="manageNewsTest1" time="4.118"/>
  <testcase classname="testScript.ManageNewsTest" name="manageNewsTest2" time="5.176"/>
</testsuite> <!-- Test -->
