<?xml version="1.0" encoding="UTF-8"?>
<!-- Generated by org.testng.reporters.JUnitXMLReporter -->
<testsuite ignored="0" hostname="DESKTOP-5IN5P6J" failures="0" tests="4" name=" Test1" time="36.864" errors="0" timestamp="2025-06-08T12:22:46 IST">
  <testcase classname="testScript.LoginTest" name="loginTest" time="2.136"/>
  <testcase classname="testScript.LoginTest" name="loginTest1" time="0.924"/>
  <testcase classname="testScript.LoginTest" name="loginTest2" time="1.418"/>
  <testcase classname="testScript.LoginTest" name="loginTest3" time="1.045"/>
</testsuite> <!--  Test1 -->
