<?xml version="1.0" encoding="UTF-8"?>
<testng-results ignored="0" total="6" passed="6" failed="0" skipped="0">
  <reporter-output>
  </reporter-output>
  <suite started-at="2025-06-03T11:39:40 IST" name="crossbrowsertesting" finished-at="2025-06-03T11:40:30 IST" duration-ms="49947">
    <groups>
    </groups>
    <test started-at="2025-06-03T11:39:40 IST" name="Chrome Test" finished-at="2025-06-03T11:40:00 IST" duration-ms="20083">
      <class name="testScript.ManageNewsTest">
        <test-method is-config="true" signature="browserIntialization(java.lang.String)[pri:0, instance:testScript.ManageNewsTest@55b699ef]" started-at="2025-06-03T11:39:40 IST" name="browserIntialization" finished-at="2025-06-03T11:39:44 IST" duration-ms="4078" status="PASS">
          <params>
            <param index="0">
              <value>
                <![CDATA[chrome]]>
              </value>
            </param>
          </params>
          <reporter-output>
          </reporter-output>
        </test-method> <!-- browserIntialization -->
        <test-method signature="manageNewsTest()[pri:0, instance:testScript.ManageNewsTest@55b699ef]" started-at="2025-06-03T11:39:44 IST" name="manageNewsTest" finished-at="2025-06-03T11:39:47 IST" duration-ms="3365" status="PASS">
          <reporter-output>
          </reporter-output>
        </test-method> <!-- manageNewsTest -->
        <test-method is-config="true" signature="browserIntialization(java.lang.String)[pri:0, instance:testScript.ManageNewsTest@55b699ef]" started-at="2025-06-03T11:39:47 IST" name="browserIntialization" finished-at="2025-06-03T11:39:51 IST" duration-ms="3413" status="PASS">
          <params>
            <param index="0">
              <value>
                <![CDATA[chrome]]>
              </value>
            </param>
          </params>
          <reporter-output>
          </reporter-output>
        </test-method> <!-- browserIntialization -->
        <test-method signature="manageNewsTest1()[pri:0, instance:testScript.ManageNewsTest@55b699ef]" started-at="2025-06-03T11:39:51 IST" name="manageNewsTest1" finished-at="2025-06-03T11:39:53 IST" duration-ms="2349" status="PASS">
          <reporter-output>
          </reporter-output>
        </test-method> <!-- manageNewsTest1 -->
        <test-method is-config="true" signature="browserIntialization(java.lang.String)[pri:0, instance:testScript.ManageNewsTest@55b699ef]" started-at="2025-06-03T11:39:53 IST" name="browserIntialization" finished-at="2025-06-03T11:39:57 IST" duration-ms="3872" status="PASS">
          <params>
            <param index="0">
              <value>
                <![CDATA[chrome]]>
              </value>
            </param>
          </params>
          <reporter-output>
          </reporter-output>
        </test-method> <!-- browserIntialization -->
        <test-method signature="manageNewsTest2()[pri:0, instance:testScript.ManageNewsTest@55b699ef]" started-at="2025-06-03T11:39:57 IST" name="manageNewsTest2" finished-at="2025-06-03T11:40:00 IST" duration-ms="2909" status="PASS">
          <reporter-output>
          </reporter-output>
        </test-method> <!-- manageNewsTest2 -->
      </class> <!-- testScript.ManageNewsTest -->
    </test> <!-- Chrome Test -->
    <test started-at="2025-06-03T11:40:00 IST" name="Edge Test" finished-at="2025-06-03T11:40:30 IST" duration-ms="29727">
      <class name="testScript.ManageNewsTest">
        <test-method is-config="true" signature="browserIntialization(java.lang.String)[pri:0, instance:testScript.ManageNewsTest@477b4cdf]" started-at="2025-06-03T11:40:00 IST" name="browserIntialization" finished-at="2025-06-03T11:40:06 IST" duration-ms="6172" status="PASS">
          <params>
            <param index="0">
              <value>
                <![CDATA[edge]]>
              </value>
            </param>
          </params>
          <reporter-output>
          </reporter-output>
        </test-method> <!-- browserIntialization -->
        <test-method signature="manageNewsTest()[pri:0, instance:testScript.ManageNewsTest@477b4cdf]" started-at="2025-06-03T11:40:06 IST" name="manageNewsTest" finished-at="2025-06-03T11:40:11 IST" duration-ms="4485" status="PASS">
          <reporter-output>
          </reporter-output>
        </test-method> <!-- manageNewsTest -->
        <test-method is-config="true" signature="browserIntialization(java.lang.String)[pri:0, instance:testScript.ManageNewsTest@477b4cdf]" started-at="2025-06-03T11:40:11 IST" name="browserIntialization" finished-at="2025-06-03T11:40:17 IST" duration-ms="6755" status="PASS">
          <params>
            <param index="0">
              <value>
                <![CDATA[edge]]>
              </value>
            </param>
          </params>
          <reporter-output>
          </reporter-output>
        </test-method> <!-- browserIntialization -->
        <test-method signature="manageNewsTest1()[pri:0, instance:testScript.ManageNewsTest@477b4cdf]" started-at="2025-06-03T11:40:17 IST" name="manageNewsTest1" finished-at="2025-06-03T11:40:20 IST" duration-ms="2484" status="PASS">
          <reporter-output>
          </reporter-output>
        </test-method> <!-- manageNewsTest1 -->
        <test-method is-config="true" signature="browserIntialization(java.lang.String)[pri:0, instance:testScript.ManageNewsTest@477b4cdf]" started-at="2025-06-03T11:40:20 IST" name="browserIntialization" finished-at="2025-06-03T11:40:26 IST" duration-ms="6456" status="PASS">
          <params>
            <param index="0">
              <value>
                <![CDATA[edge]]>
              </value>
            </param>
          </params>
          <reporter-output>
          </reporter-output>
        </test-method> <!-- browserIntialization -->
        <test-method signature="manageNewsTest2()[pri:0, instance:testScript.ManageNewsTest@477b4cdf]" started-at="2025-06-03T11:40:26 IST" name="manageNewsTest2" finished-at="2025-06-03T11:40:30 IST" duration-ms="3345" status="PASS">
          <reporter-output>
          </reporter-output>
        </test-method> <!-- manageNewsTest2 -->
      </class> <!-- testScript.ManageNewsTest -->
    </test> <!-- Edge Test -->
  </suite> <!-- crossbrowsertesting -->
</testng-results>
