<?xml version="1.0" encoding="UTF-8"?>
<!-- Generated by org.testng.reporters.JUnitXMLReporter -->
<testsuite ignored="0" hostname="DESKTOP-5IN5P6J" failures="0" tests="4" name=" Test1" time="34.612" errors="0" timestamp="2025-06-08T12:19:49 IST">
  <testcase classname="testScript.LoginTest" name="loginTest" time="1.762"/>
  <testcase classname="testScript.LoginTest" name="loginTest1" time="1.045"/>
  <testcase classname="testScript.LoginTest" name="loginTest2" time="1.726"/>
  <testcase classname="testScript.LoginTest" name="loginTest3" time="1.313"/>
</testsuite> <!--  Test1 -->
