<?xml version="1.0" encoding="UTF-8"?>
<!-- Generated by org.testng.reporters.JUnitXMLReporter -->
<testsuite ignored="0" hostname="DESKTOP-5IN5P6J" failures="0" tests="4" name="Test" time="52.426" errors="0" timestamp="2025-06-08T11:37:37 IST">
  <testcase classname="testScript.ManageContactTest" name="mangeContactTest" time="5.187"/>
  <testcase classname="testScript.ManageNewsTest" name="manageNewsTest" time="4.353"/>
  <testcase classname="testScript.ManageNewsTest" name="manageNewsTest1" time="3.049"/>
  <testcase classname="testScript.ManageNewsTest" name="manageNewsTest2" time="6.923"/>
</testsuite> <!-- Test -->
