<?xml version="1.0" encoding="UTF-8"?>
<!-- Generated by org.testng.reporters.JUnitXMLReporter -->
<testsuite ignored="0" hostname="DESKTOP-5IN5P6J" failures="0" tests="3" name="Chrome Test" time="36.442" errors="0" timestamp="2025-06-08T11:15:27 IST">
  <testcase classname="testScript.ManageNewsTest" name="manageNewsTest" time="3.807"/>
  <testcase classname="testScript.ManageNewsTest" name="manageNewsTest1" time="4.739"/>
  <testcase classname="testScript.ManageNewsTest" name="manageNewsTest2" time="5.549"/>
</testsuite> <!-- Chrome Test -->
