<?xml version="1.0" encoding="UTF-8"?>
<!-- Generated by org.testng.reporters.JUnitXMLReporter -->
<testsuite ignored="0" hostname="DESKTOP-5IN5P6J" failures="0" tests="3" name="Chrome Test" time="20.083" errors="0" timestamp="2025-06-03T11:40:00 IST">
  <testcase classname="testScript.ManageNewsTest" name="manageNewsTest" time="3.365"/>
  <testcase classname="testScript.ManageNewsTest" name="manageNewsTest1" time="2.349"/>
  <testcase classname="testScript.ManageNewsTest" name="manageNewsTest2" time="2.909"/>
</testsuite> <!-- Chrome Test -->
