<?xml version="1.0" encoding="UTF-8"?>
<!-- Generated by org.testng.reporters.JUnitXMLReporter -->
<testsuite ignored="0" hostname="DESKTOP-5IN5P6J" failures="0" tests="3" name="Edge Test" time="29.727" errors="0" timestamp="2025-06-03T11:40:30 IST">
  <testcase classname="testScript.ManageNewsTest" name="manageNewsTest" time="4.485"/>
  <testcase classname="testScript.ManageNewsTest" name="manageNewsTest1" time="2.484"/>
  <testcase classname="testScript.ManageNewsTest" name="manageNewsTest2" time="3.345"/>
</testsuite> <!-- Edge Test -->
